
[2025-06-30 16:55:51] [INFO] Cannot resolve [config] from container.
[2025-06-30 16:56:06] [INFO] Cannot resolve [Array] from container.
[2025-06-30 16:56:20] [INFO] Cannot resolve  from container. {"logging":{"default":"file","channels":{"file":{"path":"\/home\/nmehroj\/Desktop\/OOP_Routing\/config\/..\/storage\/logs\/app.log","level":"debug"}}}}
[2025-06-30 16:57:39] [INFO] Cannot resolve  from container. array
[2025-06-30 16:58:50] [WARNING] Bosh sahifa {"logging":{"default":"file","channels":{"file":{"path":"\/home\/nmehroj\/Desktop\/OOP_Routing\/config\/..\/storage\/logs\/app.log","level":"debug"}}}}
[2025-06-30 17:01:27] [WARNING] Bosh sahifa {"logging":{"default":"file","channels":{"file":{"path":"\/home\/nmehroj\/Desktop\/OOP_Routing\/config\/..\/storage\/logs\/app.log","level":"debug"}}}}
[2025-06-30 17:44:24] [WARNING] Bosh sahifa
[2025-07-01 06:20:33] [WARNING] Bosh sahifa
[2025-07-01 06:20:33] [WARNING] Bosh sahifa
[2025-07-01 06:21:11] [WARNING] Bosh sahifa
[2025-07-01 06:37:52] [WARNING] Bosh sahifa
[2025-07-01 06:37:53] [WARNING] Bosh sahifa
[2025-07-01 10:23:19] [WARNING] Bosh sahifa
[2025-07-01 10:23:26] [WARNING] Bosh sahifa
[2025-07-01 10:23:27] [WARNING] Bosh sahifa
[2025-07-01 10:23:47] [WARNING] Bosh sahifalocal
[2025-07-10 12:27:52] [WARNING] Bosh sahifalocal
[2025-07-10 12:27:52] [WARNING] Bosh sahifalocal
[2025-07-10 12:30:41] [WARNING] Bosh sahifalocal
[2025-07-13 10:44:36] [WARNING] Bosh sahifalocal
[2025-07-13 10:44:36] [WARNING] Bosh sahifalocal
